<?xml version="1.0" encoding="UTF-8"?>
<testng-results skipped="0" failed="0" ignored="0" total="1" passed="1">
  <reporter-output>
  </reporter-output>
  <suite name="Default suite" duration-ms="56789" started-at="2022-05-27T11:15:32 IST" finished-at="2022-05-27T11:16:29 IST">
    <groups>
    </groups>
    <test name="Default test" duration-ms="56789" started-at="2022-05-27T11:15:32 IST" finished-at="2022-05-27T11:16:29 IST">
      <class name="com.testngprogram.FileUpload">
        <test-method status="PASS" signature="fileupload_documentTest()[pri:0, instance:com.testngprogram.FileUpload@42f93a98]" name="fileupload_documentTest" duration-ms="56727" started-at="2022-05-27T11:15:32 IST" finished-at="2022-05-27T11:16:29 IST">
          <reporter-output>
          </reporter-output>
        </test-method> <!-- fileupload_documentTest -->
      </class> <!-- com.testngprogram.FileUpload -->
    </test> <!-- Default test -->
  </suite> <!-- Default suite -->
</testng-results>
